<?xml version="1.0" encoding="UTF-8"?>
<!-- Generated by org.testng.reporters.JUnitReportReporter -->
<testsuite hostname="Suryas-MacBook-Air.local" failures="0" tests="1" name="Teja" time="8.635" errors="0" timestamp="2020-07-11T19:47:59 IST" skipped="0">
  <testcase classname="Teja" name="f" time="8.635"/>
  <system-out/>
</testsuite> <!-- Teja -->
