<?xml version="1.0" encoding="UTF-8"?>
<!-- Generated by org.testng.reporters.JUnitReportReporter -->
<testsuite hostname="Suryas-Air" failures="0" tests="1" name="Test.NewTest" time="10.300" errors="0" timestamp="2020-07-12T10:11:24 IST" skipped="0">
  <testcase classname="Test.NewTest" name="f" time="10.300"/>
  <system-out/>
</testsuite> <!-- Test.NewTest -->
